## 两个语句
 - `update t1 set info = (select info from t2 where t2.id = t1.id) where t1.id < 9999;`
 - `update t1 set info=t2.info from t2 where t1.id=t2.id and t1.id<9999;`
 
 ### explain两个语句
 - `explain (analyze,verbose,timing,buffers) update t1 set info=(select info from t2 where t1.id=t2.id) where t1.id<9999;`
 ```sql
 Update on public.t1  (cost=0.00..175196.50 rows=9999 width=10) (actual time=800.335..800.335 rows=0 loops=1)
   Buffers: shared hit=70089 dirtied=91
   ->  Seq Scan on public.t1  (cost=0.00..175196.50 rows=9999 width=10) (actual time=0.168..786.284 rows=9998 loops=1)
         Output: t1.id, (SubPlan 1), t1.ctid
         Filter: (t1.id < 9999)
         Rows Removed by Filter: 2
         Buffers: shared hit=50079
         SubPlan 1
           ->  Seq Scan on public.t2  (cost=0.00..17.50 rows=1 width=32) (actual time=0.074..0.078 rows=0 loops=9998)
                 Output: t2.info
                 Filter: (t1.id = t2.id)
                 Rows Removed by Filter: 1000
                 Buffers: shared hit=49990
 Planning time: 0.070 ms
 Execution time: 800.356 ms
 (15 rows)
 ```
 单个subquery是0.078ms，循环9998次就是779多ms
 
 - `explain (analyze,verbose,timing,buffers) update t1 set info=t2.info from t2 where t1.id=t2.id and t1.id<9999;`
```sql
Update on public.t1  (cost=27.50..293.00 rows=1000 width=48) (actual time=5.666..5.666 rows=0 loops=1)
   Buffers: shared hit=1927 dirtied=13
   ->  Hash Join  (cost=27.50..293.00 rows=1000 width=48) (actual time=0.592..4.318 rows=1000 loops=1)
         Output: t1.id, t2.info, t1.ctid, t2.ctid
         Hash Cond: (t1.id = t2.id)
         Buffers: shared hit=98
         ->  Seq Scan on public.t1  (cost=0.00..218.00 rows=9999 width=10) (actual time=0.016..2.114 rows=9998 loops=1)
               Output: t1.id, t1.ctid
               Filter: (t1.id < 9999)
               Rows Removed by Filter: 2
               Buffers: shared hit=93
         ->  Hash  (cost=15.00..15.00 rows=1000 width=42) (actual time=0.566..0.566 rows=1000 loops=1)
               Output: t2.info, t2.ctid, t2.id
               Buckets: 1024  Batches: 1  Memory Usage: 51kB
               Buffers: shared hit=5
               ->  Seq Scan on public.t2  (cost=0.00..15.00 rows=1000 width=42) (actual time=0.010..0.258 rows=1000 loops=1)
                     Output: t2.info, t2.ctid, t2.id
                     Buffers: shared hit=5
 Planning time: 0.123 ms
 Execution time: 5.703 ms
(20 rows)
```
### 结论
在`update`的时候尽量不要引入循环

### 后记
其实这两个语句的还是有点差不多的，语句一会更新9998条记录，语句二更新1000条。因为语句一种当t2的id不存在于t1的时候，subquery会返回null,从而更新了t1表
